0 info it worked if it ends with ok
1 verbose cli [ '/usr/bin/node', '/usr/bin/npm', 'install', '-g', 'treejs' ]
2 info using npm@3.5.2
3 info using node@v8.10.0
4 silly loadCurrentTree Starting
5 silly install loadCurrentTree
6 silly install readGlobalPackageData
7 silly fetchPackageMetaData treejs
8 silly fetchNamedPackageData treejs
9 silly mapToRegistry name treejs
10 silly mapToRegistry using default registry
11 silly mapToRegistry registry https://registry.npmjs.org/
12 silly mapToRegistry uri https://registry.npmjs.org/treejs
13 verbose request uri https://registry.npmjs.org/treejs
14 verbose request no auth needed
15 info attempt registry request try #1 at 11:57:07 PM
16 verbose request id c66fff3aa514b277
17 http request GET https://registry.npmjs.org/treejs
18 http 200 https://registry.npmjs.org/treejs
19 verbose headers { date: 'Sat, 16 Nov 2019 02:57:22 GMT',
19 verbose headers   'content-type': 'application/json; charset=UTF-8',
19 verbose headers   'transfer-encoding': 'chunked',
19 verbose headers   connection: 'keep-alive',
19 verbose headers   'set-cookie':
19 verbose headers    [ '__cfduid=daecd7d810875944db717f03c77cf6f151573873041; expires=Sun, 15-Nov-20 02:57:21 GMT; path=/; domain=.npmjs.org; HttpOnly' ],
19 verbose headers   'cf-cache-status': 'MISS',
19 verbose headers   'cache-control': 'max-age=300',
19 verbose headers   'cf-ray': '5366326e6b36d07e-CWB',
19 verbose headers   etag: 'W/"d0cd8ed297f0bcc10814dddacde0090d"',
19 verbose headers   'expect-ct': 'max-age=604800, report-uri="https://report-uri.cloudflare.com/cdn-cgi/beacon/expect-ct"',
19 verbose headers   'last-modified': 'Sun, 27 May 2018 19:52:28 GMT',
19 verbose headers   vary: 'accept-encoding, accept',
19 verbose headers   server: 'cloudflare',
19 verbose headers   'content-encoding': 'gzip' }
20 silly get cb [ 200,
20 silly get   { date: 'Sat, 16 Nov 2019 02:57:22 GMT',
20 silly get     'content-type': 'application/json; charset=UTF-8',
20 silly get     'transfer-encoding': 'chunked',
20 silly get     connection: 'keep-alive',
20 silly get     'set-cookie':
20 silly get      [ '__cfduid=daecd7d810875944db717f03c77cf6f151573873041; expires=Sun, 15-Nov-20 02:57:21 GMT; path=/; domain=.npmjs.org; HttpOnly' ],
20 silly get     'cf-cache-status': 'MISS',
20 silly get     'cache-control': 'max-age=300',
20 silly get     'cf-ray': '5366326e6b36d07e-CWB',
20 silly get     etag: 'W/"d0cd8ed297f0bcc10814dddacde0090d"',
20 silly get     'expect-ct': 'max-age=604800, report-uri="https://report-uri.cloudflare.com/cdn-cgi/beacon/expect-ct"',
20 silly get     'last-modified': 'Sun, 27 May 2018 19:52:28 GMT',
20 silly get     vary: 'accept-encoding, accept',
20 silly get     server: 'cloudflare',
20 silly get     'content-encoding': 'gzip' } ]
21 verbose get saving treejs to /home/arufonsekun/.npm/registry.npmjs.org/treejs/.cache.json
22 verbose makeDirectory /home/arufonsekun/.npm creation not in flight; initializing
23 silly makeDirectory /home/arufonsekun/.npm uid: 1000 gid: 1000
24 silly install normalizeTree
25 silly loadCurrentTree Finishing
26 silly loadIdealTree Starting
27 silly install loadIdealTree
28 silly cloneCurrentTree Starting
29 silly install cloneCurrentTreeToIdealTree
30 silly cloneCurrentTree Finishing
31 silly loadShrinkwrap Starting
32 silly install loadShrinkwrap
33 silly loadShrinkwrap Finishing
34 silly loadAllDepsIntoIdealTree Starting
35 silly install loadAllDepsIntoIdealTree
36 silly resolveWithNewModule treejs@0.6.2 checking installable status
37 silly cache add args [ 'treejs', null ]
38 verbose cache add spec treejs
39 silly cache add parsed spec Result {
39 silly cache add   raw: 'treejs',
39 silly cache add   scope: null,
39 silly cache add   name: 'treejs',
39 silly cache add   rawSpec: '',
39 silly cache add   spec: 'latest',
39 silly cache add   type: 'tag' }
40 silly addNamed treejs@latest
41 verbose addNamed "latest" is being treated as a dist-tag for treejs
42 info addNameTag [ 'treejs', 'latest' ]
43 silly mapToRegistry name treejs
44 silly mapToRegistry using default registry
45 silly mapToRegistry registry https://registry.npmjs.org/
46 silly mapToRegistry uri https://registry.npmjs.org/treejs
47 verbose addNameTag registry:https://registry.npmjs.org/treejs not in flight; fetching
48 verbose get https://registry.npmjs.org/treejs not expired, no request
49 silly addNameTag next cb for treejs with tag latest
50 silly addNamed treejs@0.6.2
51 verbose addNamed "0.6.2" is a plain semver version for treejs
52 silly mapToRegistry name treejs
53 silly mapToRegistry using default registry
54 silly mapToRegistry registry https://registry.npmjs.org/
55 silly mapToRegistry uri https://registry.npmjs.org/treejs
56 verbose addRemoteTarball https://registry.npmjs.org/treejs/-/treejs-0.6.2.tgz not in flight; adding
57 verbose addRemoteTarball [ 'https://registry.npmjs.org/treejs/-/treejs-0.6.2.tgz',
57 verbose addRemoteTarball   '2562d69de9d2b75ebd0a8d5be5e9431788a82ca7' ]
58 info retry fetch attempt 1 at 11:57:22 PM
59 info attempt registry request try #1 at 11:57:22 PM
60 http fetch GET https://registry.npmjs.org/treejs/-/treejs-0.6.2.tgz
61 http fetch 200 https://registry.npmjs.org/treejs/-/treejs-0.6.2.tgz
62 silly fetchAndShaCheck shasum 2562d69de9d2b75ebd0a8d5be5e9431788a82ca7
63 verbose addTmpTarball /tmp/npm-2160-0f156e92/registry.npmjs.org/treejs/-/treejs-0.6.2.tgz not in flight; adding
64 verbose addTmpTarball already have metadata; skipping unpack for treejs@0.6.2
65 silly cache afterAdd treejs@0.6.2
66 verbose afterAdd /home/arufonsekun/.npm/treejs/0.6.2/package/package.json not in flight; writing
67 verbose afterAdd /home/arufonsekun/.npm/treejs/0.6.2/package/package.json written
68 silly loadAllDepsIntoIdealTree Finishing
69 silly idealTree:prePrune lib
69 silly idealTree:prePrune └── treejs@0.6.2
70 silly loadIdealTree Finishing
71 silly currentTree lib
72 silly idealTree lib
72 silly idealTree └── treejs@0.6.2
73 silly generateActionsToTake Starting
74 silly install generateActionsToTake
75 warn checkPermissions Missing write access to /usr/local/lib
76 silly rollbackFailedOptional Starting
77 silly rollbackFailedOptional Finishing
78 silly runTopLevelLifecycles Starting
79 silly runTopLevelLifecycles Finishing
80 silly install printInstalled
81 verbose stack Error: EACCES: permission denied, access '/usr/local/lib'
82 verbose cwd /home/arufonsekun/Universidade/computer-science-codes/fase-4/computer-graphics/treejs-getting-started
83 error Linux 4.15.0-20-generic
84 error argv "/usr/bin/node" "/usr/bin/npm" "install" "-g" "treejs"
85 error node v8.10.0
86 error npm  v3.5.2
87 error path /usr/local/lib
88 error code EACCES
89 error errno -13
90 error syscall access
91 error Error: EACCES: permission denied, access '/usr/local/lib'
91 error  { Error: EACCES: permission denied, access '/usr/local/lib'
91 error   errno: -13,
91 error   code: 'EACCES',
91 error   syscall: 'access',
91 error   path: '/usr/local/lib' }
92 error Please try running this command again as root/Administrator.
93 verbose exit [ -13, true ]
